<?xml version="1.0" encoding="UTF-8"?>
<testsuite xmlns:xsi="http://www.w3.org/2001/XMLSchema-instance" xsi:noNamespaceSchemaLocation="https://maven.apache.org/surefire/maven-surefire-plugin/xsd/surefire-test-report.xsd" name="cn.fengin.tiny.test.http.HttpServerTest" time="2.719" tests="4" errors="0" skipped="0" failures="0">
  <properties>
[...]
</properties>
  <testcase name="testGetRequest" classname="cn.fengin.tiny.test.http.HttpServerTest" time="0.136"/>
  <testcase name="testGetWithParams" classname="cn.fengin.tiny.test.http.HttpServerTest" time="0.005"/>
  <testcase name="testPostRequest" classname="cn.fengin.tiny.test.http.HttpServerTest" time="0.151"/>
  <testcase name="test404NotFound" classname="cn.fengin.tiny.test.http.HttpServerTest" time="0.003"/>
</testsuite>